<?xml version="1.0" encoding="UTF-8"?>
<!-- Generated by org.testng.reporters.JUnitReportReporter -->
<testsuite hostname="LAPTOP-3KLROFOE" failures="0" tests="3" name="baselibrary.Baselibrary" time="229.629" errors="0" timestamp="2022-11-05T14:08:18 IST" skipped="0">
  <testcase classname="baselibrary.Baselibrary" name="verifytitle" time="103.012"/>
  <system-out/>
  <testcase classname="baselibrary.Baselibrary" name="verifytitle" time="55.669"/>
  <system-out/>
  <testcase classname="baselibrary.Baselibrary" name="verifytitle" time="70.948"/>
  <system-out/>
</testsuite> <!-- baselibrary.Baselibrary -->
